2023.05.02 01:00:57 INFO  Started: Metals version 0.11.12 in workspace 'C:\Studia\Rozprochy\Systemy-Rozproszone' for client Visual Studio Code 1.77.3.
May 02, 2023 1:00:57 AM org.flywaydb.core.internal.license.VersionPrinter printVersionOnly
INFO: Flyway Community Edition 9.16.3 by Redgate
May 02, 2023 1:00:57 AM org.flywaydb.core.internal.license.VersionPrinter printVersion
INFO: See release notes here: https://rd.gt/416ObMi
May 02, 2023 1:00:57 AM org.flywaydb.core.internal.license.VersionPrinter printVersion
INFO: 
May 02, 2023 1:00:58 AM org.flywaydb.core.internal.database.base.BaseDatabaseType createDatabase
INFO: Database: jdbc:h2:file:C:\Studia\Rozprochy\Systemy-Rozproszone\.metals\metals (H2 2.1)
May 02, 2023 1:00:58 AM org.flywaydb.core.internal.schemahistory.JdbcTableSchemaHistory allAppliedMigrations
INFO: Schema history table "PUBLIC"."flyway_schema_history" does not exist yet
May 02, 2023 1:00:58 AM org.flywaydb.core.internal.command.DbValidate validate
INFO: Successfully validated 4 migrations (execution time 00:00.020s)
May 02, 2023 1:00:58 AM org.flywaydb.core.internal.schemahistory.JdbcTableSchemaHistory create
INFO: Creating Schema History table "PUBLIC"."flyway_schema_history" ...
May 02, 2023 1:00:58 AM org.flywaydb.core.internal.command.DbMigrate migrateGroup
INFO: Current version of schema "PUBLIC": << Empty Schema >>
May 02, 2023 1:00:58 AM org.flywaydb.core.internal.command.DbMigrate doMigrateGroup
INFO: Migrating schema "PUBLIC" to version "1 - Create tables"
May 02, 2023 1:00:58 AM org.flywaydb.core.internal.command.DbMigrate doMigrateGroup
INFO: Migrating schema "PUBLIC" to version "2 - Server discovery"
May 02, 2023 1:00:58 AM org.flywaydb.core.internal.command.DbMigrate doMigrateGroup
INFO: Migrating schema "PUBLIC" to version "3 - Jar symbols"
May 02, 2023 1:00:58 AM org.flywaydb.core.internal.command.DbMigrate doMigrateGroup
INFO: Migrating schema "PUBLIC" to version "4 - Fingerprints"
May 02, 2023 1:00:58 AM org.flywaydb.core.internal.command.DbMigrate logSummary
INFO: Successfully applied 4 migrations to schema "PUBLIC", now at version v4 (execution time 00:00.072s)
2023.05.02 01:00:58 INFO  time: initialize in 0.83s
2023.05.02 01:00:59 WARN  Build server is not auto-connectable.
2023.05.02 01:00:59 WARN  no build tool detected in workspace 'C:\Studia\Rozprochy\Systemy-Rozproszone'. The most common cause for this problem is that the editor was opened in the wrong working directory, for example if you use sbt then the workspace directory should contain build.sbt. 
May 02, 2023 1:00:59 AM org.eclipse.lsp4j.jsonrpc.RemoteEndpoint handleCancellation
WARNING: Unmatched cancel notification for request id 1
2023.05.02 01:00:59 WARN  no build target for: C:\Studia\Rozprochy\Systemy-Rozproszone\lab4\dynamic-inv\client2\test3\src\main\java\org\example\Main.java
2023.05.02 01:01:10 WARN  no build target for: C:\Studia\Rozprochy\Systemy-Rozproszone\lab4\dynamic-inv\client\Client.java
2023.05.02 01:01:28 WARN  no build target for: C:\Studia\Rozprochy\Systemy-Rozproszone\lab4\dynamic-inv\client\Client.java
2023.05.02 01:06:46 WARN  no build target for: C:\Studia\Rozprochy\Systemy-Rozproszone\lab4\dynamic-invocation\test3\src\main\java\org\example\Main.java
2023.05.02 01:07:19 WARN  no build target for: C:\Studia\Rozprochy\Systemy-Rozproszone\lab4\dynamic-invocation\client\src\main\java\org\example\Main.java
2023.05.02 01:12:10 INFO  Shutting down server
2023.05.02 01:12:10 INFO  shutting down Metals
2023.05.02 01:12:10 INFO  Exiting server
